0 info it worked if it ends with ok
1 verbose cli [ '/usr/local/bin/node',
1 verbose cli   '/usr/local/bin/npm',
1 verbose cli   'install',
1 verbose cli   '-g',
1 verbose cli   'jshint' ]
2 info using npm@1.4.28
3 info using node@v0.10.36
4 verbose cache add [ 'jshint', null ]
5 verbose cache add name=undefined spec="jshint" args=["jshint",null]
6 verbose parsed url { protocol: null,
6 verbose parsed url   slashes: null,
6 verbose parsed url   auth: null,
6 verbose parsed url   host: null,
6 verbose parsed url   port: null,
6 verbose parsed url   hostname: null,
6 verbose parsed url   hash: null,
6 verbose parsed url   search: null,
6 verbose parsed url   query: null,
6 verbose parsed url   pathname: 'jshint',
6 verbose parsed url   path: 'jshint',
6 verbose parsed url   href: 'jshint' }
7 silly lockFile da5c03cb-jshint jshint
8 verbose lock jshint /Users/shivaprasad.swami/.npm/da5c03cb-jshint.lock
9 silly lockFile da5c03cb-jshint jshint
10 silly lockFile da5c03cb-jshint jshint
11 verbose addNamed [ 'jshint', '' ]
12 verbose addNamed [ null, '*' ]
13 silly lockFile a02a2468-jshint jshint@
14 verbose lock jshint@ /Users/shivaprasad.swami/.npm/a02a2468-jshint.lock
15 silly addNameRange { name: 'jshint', range: '*', hasData: false }
16 verbose request where is /jshint
17 verbose request registry https://registry.npmjs.org/
18 verbose request id 69d8b985f5796c0e
19 verbose url raw /jshint
20 verbose url resolving [ 'https://registry.npmjs.org/', './jshint' ]
21 verbose url resolved https://registry.npmjs.org/jshint
22 verbose request where is https://registry.npmjs.org/jshint
23 info trying registry request attempt 1 at 17:21:16
24 http GET https://registry.npmjs.org/jshint
25 http 200 https://registry.npmjs.org/jshint
26 silly registry.get cb [ 200,
26 silly registry.get   { server: 'CouchDB/1.5.0 (Erlang OTP/R16B03)',
26 silly registry.get     etag: '"F4Z6EWJP83RNRZS6XSSAJXBLQ"',
26 silly registry.get     'content-type': 'application/json',
26 silly registry.get     'content-encoding': 'gzip',
26 silly registry.get     'cache-control': 'max-age=300',
26 silly registry.get     'content-length': '14957',
26 silly registry.get     'accept-ranges': 'bytes',
26 silly registry.get     date: 'Sun, 28 Aug 2016 00:12:16 GMT',
26 silly registry.get     via: '1.1 varnish',
26 silly registry.get     age: '0',
26 silly registry.get     connection: 'keep-alive',
26 silly registry.get     'x-served-by': 'cache-sjc3137-SJC',
26 silly registry.get     'x-cache': 'HIT',
26 silly registry.get     'x-cache-hits': '1',
26 silly registry.get     'x-timer': 'S1472343136.648828,VS0,VE89',
26 silly registry.get     vary: 'Accept-Encoding' } ]
27 silly addNameRange number 2 { name: 'jshint', range: '*', hasData: true }
28 silly addNameRange versions [ 'jshint',
28 silly addNameRange   [ '0.1.8',
28 silly addNameRange     '0.1.9',
28 silly addNameRange     '0.2.0',
28 silly addNameRange     '0.2.1',
28 silly addNameRange     '0.2.2',
28 silly addNameRange     '0.2.3',
28 silly addNameRange     '0.3.0',
28 silly addNameRange     '0.3.1',
28 silly addNameRange     '0.4.0',
28 silly addNameRange     '0.5.0',
28 silly addNameRange     '0.5.1',
28 silly addNameRange     '0.5.2',
28 silly addNameRange     '0.5.3',
28 silly addNameRange     '0.5.4',
28 silly addNameRange     '0.5.5',
28 silly addNameRange     '0.5.6',
28 silly addNameRange     '0.5.7',
28 silly addNameRange     '0.5.8',
28 silly addNameRange     '0.5.9',
28 silly addNameRange     '0.6.0',
28 silly addNameRange     '0.6.1',
28 silly addNameRange     '0.6.2',
28 silly addNameRange     '0.6.3',
28 silly addNameRange     '0.7.0',
28 silly addNameRange     '0.7.1',
28 silly addNameRange     '0.7.2',
28 silly addNameRange     '0.7.3',
28 silly addNameRange     '0.8.0',
28 silly addNameRange     '0.8.1',
28 silly addNameRange     '0.8.2',
28 silly addNameRange     '0.9.0',
28 silly addNameRange     '0.9.1',
28 silly addNameRange     '1.0.0',
28 silly addNameRange     '1.1.0',
28 silly addNameRange     '2.0.0',
28 silly addNameRange     '2.0.1',
28 silly addNameRange     '2.1.0',
28 silly addNameRange     '2.1.1',
28 silly addNameRange     '2.1.2',
28 silly addNameRange     '2.1.3',
28 silly addNameRange     '2.1.4',
28 silly addNameRange     '2.1.5',
28 silly addNameRange     '2.1.6',
28 silly addNameRange     '2.1.7',
28 silly addNameRange     '2.1.8',
28 silly addNameRange     '2.1.9',
28 silly addNameRange     '2.1.10',
28 silly addNameRange     '2.1.11',
28 silly addNameRange     '2.2.0',
28 silly addNameRange     '2.3.0',
28 silly addNameRange     '2.4.0',
28 silly addNameRange     '2.4.1',
28 silly addNameRange     '2.4.2',
28 silly addNameRange     '2.4.3',
28 silly addNameRange     '2.4.4',
28 silly addNameRange     '2.5.0',
28 silly addNameRange     '2.5.1',
28 silly addNameRange     '2.5.2',
28 silly addNameRange     '2.5.3',
28 silly addNameRange     '2.5.4',
28 silly addNameRange     '2.5.5',
28 silly addNameRange     '2.5.6',
28 silly addNameRange     '2.5.7',
28 silly addNameRange     '2.5.8',
28 silly addNameRange     '2.5.9',
28 silly addNameRange     '2.5.10',
28 silly addNameRange     '2.5.11',
28 silly addNameRange     '2.6.0',
28 silly addNameRange     '2.6.1',
28 silly addNameRange     '2.6.2',
28 silly addNameRange     '2.6.3',
28 silly addNameRange     '2.7.0',
28 silly addNameRange     '2.8.0',
28 silly addNameRange     '2.9.1-rc1',
28 silly addNameRange     '2.9.1-rc2',
28 silly addNameRange     '2.9.1-rc3',
28 silly addNameRange     '2.9.1',
28 silly addNameRange     '2.9.2',
28 silly addNameRange     '2.9.3' ] ]
29 verbose addNamed [ 'jshint', '2.9.3' ]
30 verbose addNamed [ '2.9.3', '2.9.3' ]
31 silly lockFile 62b7ac2f-jshint-2-9-3 jshint@2.9.3
32 verbose lock jshint@2.9.3 /Users/shivaprasad.swami/.npm/62b7ac2f-jshint-2-9-3.lock
33 silly lockFile bfc5343b-pmjs-org-jshint-jshint-2-9-3-tgz https://registry.npmjs.org/jshint/-/jshint-2.9.3.tgz
34 verbose lock https://registry.npmjs.org/jshint/-/jshint-2.9.3.tgz /Users/shivaprasad.swami/.npm/bfc5343b-pmjs-org-jshint-jshint-2-9-3-tgz.lock
35 verbose addRemoteTarball [ 'https://registry.npmjs.org/jshint/-/jshint-2.9.3.tgz',
35 verbose addRemoteTarball   'a2e14ff85c2d6bf8c8080e5aa55129ebc6a2d320' ]
36 info retry fetch attempt 1 at 17:21:17
37 verbose fetch to= /var/folders/6t/vlqblqpn269_ss_jffntkblwvbffxf/T/npm-89579-pa8NM52J/registry.npmjs.org/jshint/-/jshint-2.9.3.tgz
38 http GET https://registry.npmjs.org/jshint/-/jshint-2.9.3.tgz
39 http 200 https://registry.npmjs.org/jshint/-/jshint-2.9.3.tgz
40 silly lockFile bfc5343b-pmjs-org-jshint-jshint-2-9-3-tgz https://registry.npmjs.org/jshint/-/jshint-2.9.3.tgz
41 silly lockFile bfc5343b-pmjs-org-jshint-jshint-2-9-3-tgz https://registry.npmjs.org/jshint/-/jshint-2.9.3.tgz
42 silly lockFile 62b7ac2f-jshint-2-9-3 jshint@2.9.3
43 silly lockFile 62b7ac2f-jshint-2-9-3 jshint@2.9.3
44 silly lockFile a02a2468-jshint jshint@
45 silly lockFile a02a2468-jshint jshint@
46 silly resolved [ { name: 'jshint',
46 silly resolved     version: '2.9.3',
46 silly resolved     homepage: 'http://jshint.com/',
46 silly resolved     description: 'Static analysis tool for JavaScript',
46 silly resolved     author:
46 silly resolved      { name: 'Anton Kovalyov',
46 silly resolved        email: 'anton@kovalyov.net',
46 silly resolved        url: 'http://anton.kovalyov.net/' },
46 silly resolved     repository: { type: 'git', url: 'https://github.com/jshint/jshint.git' },
46 silly resolved     bugs: { url: 'https://github.com/jshint/jshint/issues' },
46 silly resolved     bin: { jshint: './bin/jshint' },
46 silly resolved     scripts:
46 silly resolved      { 'browser-test-server': 'node tests/helpers/browser/server',
46 silly resolved        build: 'node bin/build',
46 silly resolved        coverage: 'istanbul -- cover ./node_modules/.bin/nodeunit tests/unit',
46 silly resolved        data: 'node scripts/generate-identifier-data',
46 silly resolved        pretest: 'jshint src && jscs src',
46 silly resolved        changelog: 'conventional-changelog -p jshint -i CHANGELOG.md -w',
46 silly resolved        'github-release': 'conventional-github-releaser -p jshint',
46 silly resolved        'test-browser': 'node tests/browser',
46 silly resolved        'test-cli': 'nodeunit tests/cli.js',
46 silly resolved        'test-node': 'npm run test-unit && npm run test-cli && npm run test-regression',
46 silly resolved        'test-regression': 'nodeunit tests/regression',
46 silly resolved        'test-unit': 'nodeunit tests/unit',
46 silly resolved        test: 'npm run test-node && npm run test-browser' },
46 silly resolved     main: './src/jshint.js',
46 silly resolved     dependencies:
46 silly resolved      { cli: '~1.0.0',
46 silly resolved        'console-browserify': '1.1.x',
46 silly resolved        exit: '0.1.x',
46 silly resolved        htmlparser2: '3.8.x',
46 silly resolved        minimatch: '~3.0.2',
46 silly resolved        shelljs: '0.3.x',
46 silly resolved        'strip-json-comments': '1.0.x',
46 silly resolved        lodash: '3.7.x' },
46 silly resolved     devDependencies:
46 silly resolved      { browserify: '9.x',
46 silly resolved        'conventional-changelog': '0.4.x',
46 silly resolved        'conventional-github-releaser': '0.4.x',
46 silly resolved        coveralls: '2.11.x',
46 silly resolved        istanbul: '0.3.x',
46 silly resolved        jscs: '1.11.x',
46 silly resolved        jshint: '2.6.x',
46 silly resolved        'mock-stdin': '0.3.x',
46 silly resolved        nodeunit: '0.9.x',
46 silly resolved        phantom: '~0.7.2',
46 silly resolved        phantomjs: '1.9.13',
46 silly resolved        regenerate: '1.2.x',
46 silly resolved        sinon: '1.12.x',
46 silly resolved        'unicode-6.3.0': '0.1.x' },
46 silly resolved     license: '(MIT AND JSON)',
46 silly resolved     preferGlobal: true,
46 silly resolved     files: [ 'bin', 'data', 'dist', 'src' ],
46 silly resolved     gitHead: 'f00091cb6b094c9767ed88eb9a495d09980a7cb1',
46 silly resolved     _id: 'jshint@2.9.3',
46 silly resolved     _shasum: 'a2e14ff85c2d6bf8c8080e5aa55129ebc6a2d320',
46 silly resolved     _from: 'jshint@',
46 silly resolved     _npmVersion: '2.1.3',
46 silly resolved     _nodeVersion: '0.10.31',
46 silly resolved     _npmUser: { name: 'jugglinmike', email: 'mike@mikepennisi.com' },
46 silly resolved     maintainers: [ [Object], [Object], [Object] ],
46 silly resolved     dist:
46 silly resolved      { shasum: 'a2e14ff85c2d6bf8c8080e5aa55129ebc6a2d320',
46 silly resolved        tarball: 'https://registry.npmjs.org/jshint/-/jshint-2.9.3.tgz' },
46 silly resolved     _npmOperationalInternal:
46 silly resolved      { host: 'packages-12-west.internal.npmjs.com',
46 silly resolved        tmp: 'tmp/jshint-2.9.3.tgz_1471534688301_0.8888088085222989' },
46 silly resolved     directories: {},
46 silly resolved     _resolved: 'https://registry.npmjs.org/jshint/-/jshint-2.9.3.tgz' } ]
47 info install jshint@2.9.3 into /usr/local/lib
48 info installOne jshint@2.9.3
49 verbose lib/node_modules/jshint unbuild
50 verbose tar unpack /Users/shivaprasad.swami/.npm/jshint/2.9.3/package.tgz
51 silly lockFile 59dfcd45-sr-local-lib-node-modules-jshint tar:///usr/local/lib/node_modules/jshint
52 verbose lock tar:///usr/local/lib/node_modules/jshint /Users/shivaprasad.swami/.npm/59dfcd45-sr-local-lib-node-modules-jshint.lock
53 silly lockFile 10bf0db4-ami-npm-jshint-2-9-3-package-tgz tar:///Users/shivaprasad.swami/.npm/jshint/2.9.3/package.tgz
54 verbose lock tar:///Users/shivaprasad.swami/.npm/jshint/2.9.3/package.tgz /Users/shivaprasad.swami/.npm/10bf0db4-ami-npm-jshint-2-9-3-package-tgz.lock
55 silly gunzTarPerm modes [ '755', '644' ]
56 error Error: EACCES, mkdir '/usr/local/lib/node_modules/jshint'
56 error  { [Error: EACCES, mkdir '/usr/local/lib/node_modules/jshint']
56 error   errno: 3,
56 error   code: 'EACCES',
56 error   path: '/usr/local/lib/node_modules/jshint',
56 error   fstream_type: 'Directory',
56 error   fstream_path: '/usr/local/lib/node_modules/jshint',
56 error   fstream_class: 'DirWriter',
56 error   fstream_stack:
56 error    [ '/usr/local/lib/node_modules/npm/node_modules/fstream/lib/dir-writer.js:36:23',
56 error      '/usr/local/lib/node_modules/npm/node_modules/mkdirp/index.js:46:53',
56 error      'Object.oncomplete (fs.js:108:15)' ] }
57 error Please try running this command again as root/Administrator.
58 error System Darwin 15.5.0
59 error command "/usr/local/bin/node" "/usr/local/bin/npm" "install" "-g" "jshint"
60 error cwd /Users/shivaprasad.swami/Desktop/personal/sprasadms.github.io
61 error node -v v0.10.36
62 error npm -v 1.4.28
63 error path /usr/local/lib/node_modules/jshint
64 error fstream_path /usr/local/lib/node_modules/jshint
65 error fstream_type Directory
66 error fstream_class DirWriter
67 error code EACCES
68 error errno 3
69 error stack Error: EACCES, mkdir '/usr/local/lib/node_modules/jshint'
70 error fstream_stack /usr/local/lib/node_modules/npm/node_modules/fstream/lib/dir-writer.js:36:23
70 error fstream_stack /usr/local/lib/node_modules/npm/node_modules/mkdirp/index.js:46:53
70 error fstream_stack Object.oncomplete (fs.js:108:15)
71 verbose exit [ 3, true ]
